-------------------------------------------------------------------------------
Test set: authorization.LogoutTest
-------------------------------------------------------------------------------
Tests run: 2, Failures: 1, Errors: 1, Skipped: 0, Time elapsed: 9.019 s <<< FAILURE! - in authorization.LogoutTest
logout(authorization.LogoutTest)  Time elapsed: 9.017 s  <<< ERROR!
org.openqa.selenium.NoSuchElementException: 
no such element: Unable to locate element: {"method":"xpath","selector":".//a[text()='Восстановить пароль']"}
  (Session info: chrome=134.0.6998.89)
For documentation on this error, please visit: https://www.selenium.dev/documentation/webdriver/troubleshooting/errors#no-such-element-exception
Build info: version: '4.29.0', revision: '5fc1ec94cb'
System info: os.name: 'Windows 11', os.arch: 'amd64', os.version: '10.0', java.version: '11.0.25'
Driver info: org.openqa.selenium.chrome.ChromeDriver
Command: [65559e88c4d55898a22ad069cac491f5, findElement {using=xpath, value=.//a[text()='Восстановить пароль']}]
Capabilities {acceptInsecureCerts: false, browserName: chrome, browserVersion: 134.0.6998.89, chrome: {chromedriverVersion: 134.0.6998.88 (7e3d5c978c6d..., userDataDir: C:\Users\ksalt\AppData\Loca...}, fedcm:accounts: true, goog:chromeOptions: {debuggerAddress: localhost:49774}, networkConnectionEnabled: false, pageLoadStrategy: normal, platformName: windows, proxy: Proxy(), se:cdp: ws://localhost:49774/devtoo..., se:cdpVersion: 134.0.6998.89, setWindowRect: true, strictFileInteractability: false, timeouts: {implicit: 0, pageLoad: 300000, script: 30000}, unhandledPromptBehavior: dismiss and notify, webauthn:extension:credBlob: true, webauthn:extension:largeBlob: true, webauthn:extension:minPinLength: true, webauthn:extension:prf: true, webauthn:virtualAuthenticators: true}
Session ID: 65559e88c4d55898a22ad069cac491f5
	at authorization.LogoutTest.logout(LogoutTest.java:43)

logout(authorization.LogoutTest)  Time elapsed: 9.017 s  <<< FAILURE!
java.lang.AssertionError: 
1 expectation failed.
XML path success doesn't match.
Expected: <true>
  Actual: <nullErrorNot Found>

	at authorization.LogoutTest.tearDown(LogoutTest.java:48)

