-------------------------------------------------------------------------------
Test set: constructor.MoveMainPageTest
-------------------------------------------------------------------------------
Tests run: 4, Failures: 2, Errors: 2, Skipped: 0, Time elapsed: 17.645 s <<< FAILURE! - in constructor.MoveMainPageTest
moveMainPageWithConstructorButton(constructor.MoveMainPageTest)  Time elapsed: 8.443 s  <<< ERROR!
org.openqa.selenium.NoSuchElementException: 
no such element: Unable to locate element: {"method":"xpath","selector":".//button[contains(text(),'ќформить заказ')]"}
  (Session info: chrome=134.0.6998.89)
For documentation on this error, please visit: https://www.selenium.dev/documentation/webdriver/troubleshooting/errors#no-such-element-exception
Build info: version: '4.29.0', revision: '5fc1ec94cb'
System info: os.name: 'Windows 11', os.arch: 'amd64', os.version: '10.0', java.version: '11.0.25'
Driver info: org.openqa.selenium.chrome.ChromeDriver
Command: [a540afc23defa3f990dc9b8e115c3c63, findElement {using=xpath, value=.//button[contains(text(),'ќформить заказ')]}]
Capabilities {acceptInsecureCerts: false, browserName: chrome, browserVersion: 134.0.6998.89, chrome: {chromedriverVersion: 134.0.6998.88 (7e3d5c978c6d..., userDataDir: C:\Users\ksalt\AppData\Loca...}, fedcm:accounts: true, goog:chromeOptions: {debuggerAddress: localhost:49942}, networkConnectionEnabled: false, pageLoadStrategy: normal, platformName: windows, proxy: Proxy(), se:cdp: ws://localhost:49942/devtoo..., se:cdpVersion: 134.0.6998.89, setWindowRect: true, strictFileInteractability: false, timeouts: {implicit: 0, pageLoad: 300000, script: 30000}, unhandledPromptBehavior: dismiss and notify, webauthn:extension:credBlob: true, webauthn:extension:largeBlob: true, webauthn:extension:minPinLength: true, webauthn:extension:prf: true, webauthn:virtualAuthenticators: true}
Session ID: a540afc23defa3f990dc9b8e115c3c63
	at constructor.MoveMainPageTest.moveMainPageWithConstructorButton(MoveMainPageTest.java:62)

moveMainPageWithConstructorButton(constructor.MoveMainPageTest)  Time elapsed: 8.443 s  <<< FAILURE!
java.lang.AssertionError: 
1 expectation failed.
XML path success doesn't match.
Expected: <true>
  Actual: <nullErrorNot Found>

	at constructor.MoveMainPageTest.close(MoveMainPageTest.java:67)

moveMainPageWithLogoButton(constructor.MoveMainPageTest)  Time elapsed: 9.198 s  <<< ERROR!
org.openqa.selenium.NoSuchElementException: 
no such element: Unable to locate element: {"method":"xpath","selector":".//button[contains(text(),'ќформить заказ')]"}
  (Session info: chrome=134.0.6998.89)
For documentation on this error, please visit: https://www.selenium.dev/documentation/webdriver/troubleshooting/errors#no-such-element-exception
Build info: version: '4.29.0', revision: '5fc1ec94cb'
System info: os.name: 'Windows 11', os.arch: 'amd64', os.version: '10.0', java.version: '11.0.25'
Driver info: org.openqa.selenium.chrome.ChromeDriver
Command: [7daac80adbdb825953436070f362956b, findElement {using=xpath, value=.//button[contains(text(),'ќформить заказ')]}]
Capabilities {acceptInsecureCerts: false, browserName: chrome, browserVersion: 134.0.6998.89, chrome: {chromedriverVersion: 134.0.6998.88 (7e3d5c978c6d..., userDataDir: C:\Users\ksalt\AppData\Loca...}, fedcm:accounts: true, goog:chromeOptions: {debuggerAddress: localhost:50064}, networkConnectionEnabled: false, pageLoadStrategy: normal, platformName: windows, proxy: Proxy(), se:cdp: ws://localhost:50064/devtoo..., se:cdpVersion: 134.0.6998.89, setWindowRect: true, strictFileInteractability: false, timeouts: {implicit: 0, pageLoad: 300000, script: 30000}, unhandledPromptBehavior: dismiss and notify, webauthn:extension:credBlob: true, webauthn:extension:largeBlob: true, webauthn:extension:minPinLength: true, webauthn:extension:prf: true, webauthn:virtualAuthenticators: true}
Session ID: 7daac80adbdb825953436070f362956b
	at constructor.MoveMainPageTest.moveMainPageWithLogoButton(MoveMainPageTest.java:46)

moveMainPageWithLogoButton(constructor.MoveMainPageTest)  Time elapsed: 9.198 s  <<< FAILURE!
java.lang.AssertionError: 
1 expectation failed.
XML path success doesn't match.
Expected: <true>
  Actual: <nullErrorNot Found>

	at constructor.MoveMainPageTest.close(MoveMainPageTest.java:67)

